<?xml version="1.0" encoding="UTF-8"?>
<!-- Generated by org.testng.reporters.JUnitReportReporter -->
<testsuite hostname="del1-lhp-n82012" failures="0" tests="1" name="assignment.LinkNavigation" time="15.578" errors="0" timestamp="2022-07-21T12:24:41 IST" skipped="0">
  <testcase classname="assignment.LinkNavigation" name="getTitle" time="15.578"/>
  <system-out/>
</testsuite> <!-- assignment.LinkNavigation -->
