<?xml version="1.0" encoding="UTF-8"?>
<!-- Generated by org.testng.reporters.JUnitReportReporter -->
<testsuite hostname="del1-lhp-n82012" failures="0" tests="6" name="assignment.SugarCRM" time="21.462" errors="0" timestamp="2022-07-20T16:30:58 IST" skipped="0">
  <testcase classname="assignment.SugarCRM" name="multipleTabs" time="3.078"/>
  <system-out/>
  <testcase classname="assignment.SugarCRM" name="multipleTabs" time="2.553"/>
  <system-out/>
  <testcase classname="assignment.SugarCRM" name="multipleSearch" time="4.350"/>
  <system-out/>
  <testcase classname="assignment.SugarCRM" name="multipleTabs" time="2.654"/>
  <system-out/>
  <testcase classname="assignment.SugarCRM" name="multipleSearch" time="4.594"/>
  <system-out/>
  <testcase classname="assignment.SugarCRM" name="multipleSearch" time="4.233"/>
  <system-out/>
</testsuite> <!-- assignment.SugarCRM -->
